-- The C compiler identification is GNU 9.4.0
-- The CXX compiler identification is GNU 9.4.0
-- Check for working C compiler: /usr/bin/cc
-- Check for working C compiler: /usr/bin/cc -- works
-- Detecting C compiler ABI info
-- Detecting C compiler ABI info - done
-- Detecting C compile features
-- Detecting C compile features - done
-- Check for working CXX compiler: /usr/bin/c++
-- Check for working CXX compiler: /usr/bin/c++ -- works
-- Detecting CXX compiler ABI info
-- Detecting CXX compiler ABI info - done
-- Detecting CXX compile features
-- Detecting CXX compile features - done
-- Using CATKIN_DEVEL_PREFIX: /home/shaytrix2/workspace/pepper_rob_ws/devel
-- Using CMAKE_PREFIX_PATH: /opt/ros/noetic
-- This workspace overlays: /opt/ros/noetic
-- Found PythonInterp: /usr/bin/python3 (found suitable version "3.8.10", minimum required is "3") 
-- Using PYTHON_EXECUTABLE: /usr/bin/python3
-- Using Debian Python package layout
-- Found PY_em: /usr/lib/python3/dist-packages/em.py  
-- Using empy: /usr/lib/python3/dist-packages/em.py
-- Using CATKIN_ENABLE_TESTING: ON
-- Call enable_testing()
-- Using CATKIN_TEST_RESULTS_DIR: /home/shaytrix2/workspace/pepper_rob_ws/build/test_results
-- Forcing gtest/gmock from source, though one was otherwise available.
-- Found gtest sources under '/usr/src/googletest': gtests will be built
-- Found gmock sources under '/usr/src/googletest': gmock will be built
-- Found PythonInterp: /usr/bin/python3 (found version "3.8.10") 
-- Found Threads: TRUE  
-- Using Python nosetests: /usr/bin/nosetests3
-- catkin 0.8.12
-- BUILD_SHARED_LIBS is on
-- BUILD_SHARED_LIBS is on
-- ~~~~~~~~~~~~~~~~~~~~~~~~~~~~~~~~~~~~~~~~~~~~~~~~~
-- ~~  traversing 10 packages in topological order:
-- ~~  - pepper_control
-- ~~  - pepper_dcm_bringup
-- ~~  - pepper_description
-- ~~  - pepper_moveit_config
-- ~~  - pepper_robot (metapackage)
-- ~~  - pepper_sensors_py
-- ~~  - pepper_bringup
-- ~~  - naoqi_dcm_driver
-- ~~  - naoqi_driver
-- ~~  - pepper_gazebo_plugin
-- ~~~~~~~~~~~~~~~~~~~~~~~~~~~~~~~~~~~~~~~~~~~~~~~~~
-- +++ processing catkin package: 'pepper_control'
-- ==> add_subdirectory(pepper_virtual/pepper_control)
-- +++ processing catkin package: 'pepper_dcm_bringup'
-- ==> add_subdirectory(pepper_dcm_robot/pepper_dcm_bringup)
-- Found Boost: /usr/lib/x86_64-linux-gnu/cmake/Boost-1.71.0/BoostConfig.cmake (found version "1.71.0")  
-- +++ processing catkin package: 'pepper_description'
-- ==> add_subdirectory(pepper_robot/pepper_description)
-- +++ processing catkin package: 'pepper_moveit_config'
-- ==> add_subdirectory(pepper_moveit_config)
-- +++ processing catkin metapackage: 'pepper_robot'
-- ==> add_subdirectory(pepper_robot/pepper_robot)
-- +++ processing catkin package: 'pepper_sensors_py'
-- ==> add_subdirectory(pepper_robot/pepper_sensors_py)
-- Installing devel-space wrapper /home/shaytrix2/workspace/pepper_rob_ws/src/pepper_robot/pepper_sensors_py/nodes/camera.py to /home/shaytrix2/workspace/pepper_rob_ws/devel/lib/pepper_sensors_py
-- Installing devel-space wrapper /home/shaytrix2/workspace/pepper_rob_ws/src/pepper_robot/pepper_sensors_py/nodes/laser.py to /home/shaytrix2/workspace/pepper_rob_ws/devel/lib/pepper_sensors_py
-- +++ processing catkin package: 'pepper_bringup'
-- ==> add_subdirectory(pepper_robot/pepper_bringup)
-- +++ processing catkin package: 'naoqi_dcm_driver'
-- ==> add_subdirectory(naoqi_dcm_driver)
-- Using these message generators: gencpp;geneus;genlisp;gennodejs;genpy
-- +++ processing catkin package: 'naoqi_driver'
-- ==> add_subdirectory(naoqi_driver)
-- Using these message generators: gencpp;geneus;genlisp;gennodejs;genpy
-- naoqi_driver: 1 messages, 0 services
-- Found OpenCV: /usr (found version "4.2.0") 
-- +++ processing catkin package: 'pepper_gazebo_plugin'
-- ==> add_subdirectory(pepper_virtual/pepper_gazebo_plugin)
-- Configuring done
-- Generating done
-- Build files have been written to: /home/shaytrix2/workspace/pepper_rob_ws/build
Base path: /home/shaytrix2/workspace/pepper_rob_ws
Source space: /home/shaytrix2/workspace/pepper_rob_ws/src
Build space: /home/shaytrix2/workspace/pepper_rob_ws/build
Devel space: /home/shaytrix2/workspace/pepper_rob_ws/devel
Install space: /home/shaytrix2/workspace/pepper_rob_ws/install
Creating symlink "/home/shaytrix2/workspace/pepper_rob_ws/src/CMakeLists.txt" pointing to "/opt/ros/noetic/share/catkin/cmake/toplevel.cmake"
####
#### Running command: "cmake /home/shaytrix2/workspace/pepper_rob_ws/src -DCATKIN_DEVEL_PREFIX=/home/shaytrix2/workspace/pepper_rob_ws/devel -DCMAKE_INSTALL_PREFIX=/home/shaytrix2/workspace/pepper_rob_ws/install -G Unix Makefiles" in "/home/shaytrix2/workspace/pepper_rob_ws/build"
####
####
#### Running command: "make -j1 --no-status VERBOSE=1" in "/home/shaytrix2/workspace/pepper_rob_ws/build"
####
